
images/019.jpg
images/Pripara S2E35-00h06m14s207t.png
images/PriPara S3E25-00h19m32s380t.png
images/PriPara S3E25-00h19m56s821t.png
images/[Shiniori-Raws] Idol Time Pripara - 22 (BD 1280x720 x264 10bit AAC)-00h16m04s922t.png
images/[Scarlet-Subs] Idol Land PriPara - S01E05 - (Game-rip 720p VP9 FLAC) [8E7E14BF]-00h06m32s000t.png
images/Pripara S2E29-00h04m07s539t.png
images/Pripara S2E40-00h03m35s924t.png
images/EP07400.10.14.739-00.10.17.951-seg148-00h00m01s293t.png
images/Pripara S2E51-00h14m12s602t.png
images/Pripara S2E46-00h13m18s214t.png
images/[Shiniori-Raws] PriPara - 73 (BD 1280x720 x264 10bit AAC)-00h19m51s524t.png
images/priparis rouge coord.jpg
images/[Shiniori-Raws] Idol Time Pripara - 22 (BD 1280x720 x264 10bit AAC)-00h21m54s271t.png
images/Pripara S2E17_001_11998.png
images/image_proxy.jpg
images/[Shiniori-Raws] PriPara - 73 (BD 1280x720 x264 10bit AAC)-00h14m04s719t.png
images/CgoFM1NU0AAIeH9.jpg_large.jpg
images/PriPara S3E22-00h05m59s359t.png
images/[MiG_MuX] Pripara NCED - 11 -00h00m59s351t.png
images/Pripara S2E50-00h10m43s977t.png
images/Pripara S2E13_001_1602.png
images/[Shiniori-Raws] Idol Time Pripara - 51 END (BD 1280x720 x264 10bit AAC)-00h18m51s297t.png
images/Pripara S2E48-00h14m48s346t.png
images/[Shiniori-Raws] PriPara - 73 (BD 1280x720 x264 10bit AAC)-00h17m04s607t.png
images/[Scarlet-Subs] Idol Land PriPara - S01E05 - (Game-rip 720p VP9 FLAC) [8E7E14BF]-00h07m48s542t.png
images/[Shiniori-Raws] PriPara - 73 (BD 1280x720 x264 10bit AAC)-00h15m22s171t.png
